<?xml version="1.0" encoding="UTF-8"?>
<!-- Generated by org.testng.reporters.JUnitReportReporter -->
<testsuite skipped="0" hostname="Reginas-MacBook-Pro.local" name="scripts.TechGlobalLoginFormTest" tests="8" failures="0" timestamp="2023-01-24T00:28:58 CST" time="96.282" errors="0">
  <testcase name="validateLoginForm" time="10.689" classname="scripts.TechGlobalLoginFormTest"/>
  <system-out/>
  <testcase name="validLoginForm" time="12.347" classname="scripts.TechGlobalLoginFormTest"/>
  <system-out/>
  <testcase name="validateLoginAndLogoutForm" time="12.479" classname="scripts.TechGlobalLoginFormTest"/>
  <system-out/>
  <testcase name="validateForgotPassword" time="10.418" classname="scripts.TechGlobalLoginFormTest"/>
  <system-out/>
  <testcase name="validateResetPasswordLink" time="13.674" classname="scripts.TechGlobalLoginFormTest"/>
  <system-out/>
  <testcase name="validateInvalidUsername" time="11.929" classname="scripts.TechGlobalLoginFormTest"/>
  <system-out/>
  <testcase name="validateInvalidPassword" time="12.101" classname="scripts.TechGlobalLoginFormTest"/>
  <system-out/>
  <testcase name="validateInvalidUsernameAndPassword" time="12.645" classname="scripts.TechGlobalLoginFormTest"/>
  <system-out/>
</testsuite> <!-- scripts.TechGlobalLoginFormTest -->
