<?xml version="1.0" encoding="UTF-8"?>
<!-- Generated by org.testng.reporters.JUnitReportReporter -->
<testsuite skipped="0" hostname="Reginas-MacBook-Pro.local" name="scripts.TechGlobalLoginFormTest" tests="8" failures="0" timestamp="2023-01-24T00:21:11 CST" time="96.442" errors="0">
  <testcase name="validateLoginForm" time="11.042" classname="scripts.TechGlobalLoginFormTest"/>
  <system-out/>
  <testcase name="validLoginForm" time="12.577" classname="scripts.TechGlobalLoginFormTest"/>
  <system-out/>
  <testcase name="validateLoginAndLogoutForm" time="12.576" classname="scripts.TechGlobalLoginFormTest"/>
  <system-out/>
  <testcase name="validateForgotPassword" time="9.831" classname="scripts.TechGlobalLoginFormTest"/>
  <system-out/>
  <testcase name="validateResetPasswordLink" time="13.735" classname="scripts.TechGlobalLoginFormTest"/>
  <system-out/>
  <testcase name="validateInvalidUsername" time="11.945" classname="scripts.TechGlobalLoginFormTest"/>
  <system-out/>
  <testcase name="validateInvalidPassword" time="11.969" classname="scripts.TechGlobalLoginFormTest"/>
  <system-out/>
  <testcase name="validateInvalidUsernameAndPassword" time="12.767" classname="scripts.TechGlobalLoginFormTest"/>
  <system-out/>
</testsuite> <!-- scripts.TechGlobalLoginFormTest -->
