<?xml version="1.0" encoding="UTF-8"?>
<!-- Generated by org.testng.reporters.JUnitReportReporter -->
<testsuite skipped="0" hostname="Reginas-MacBook-Pro.local" name="scripts.TechGlobalLoginFormTest" tests="1" failures="0" timestamp="2023-01-23T22:55:26 CST" time="12.561" errors="0">
  <testcase name="validateLoginForm" time="12.561" classname="scripts.TechGlobalLoginFormTest"/>
  <system-out/>
</testsuite> <!-- scripts.TechGlobalLoginFormTest -->
